autoscan: warning: missing AC_PROG_RANLIB wanted by: 
	ltmain.sh:1601
	build/Makefile:150
	build/common/Makefile:131
	build/common/xml/Makefile:121
	build/common/util/Makefile:121
	build/common/DevLog/Makefile:121
	build/common/log/Makefile:122
	build/common/comm/Makefile:134
	build/common/sys/Makefile:122
	build/common/timer/Makefile:121
	build/src/Makefile:133
	build/src/protocol/Makefile:121
	build/src/CSPM/Makefile:122
	build/src/storage/Makefile:121
	build/src/item/Makefile:124
	build/src/oplog/Makefile:123
	build/src/ClientPM/Makefile:121
	build/src/dao/Makefile:122
	build/src/init/Makefile:121
	build/src/frame/Makefile:126
	build/src/MigrationPM/Makefile:121
	build/src/state/Makefile:122
	build/src/zip/Makefile:121
	build/lib/Makefile:114
	build/lib/sqlite3/Makefile:121
	build/Makefile:150
	build/common/Makefile:131
	build/common/xml/Makefile:121
	build/common/util/Makefile:121
	build/common/DevLog/Makefile:121
	build/common/log/Makefile:122
	build/common/comm/Makefile:134
	build/common/sys/Makefile:122
	build/common/timer/Makefile:121
	build/src/Makefile:133
	build/src/protocol/Makefile:121
	build/src/CSPM/Makefile:122
	build/src/storage/Makefile:121
	build/src/item/Makefile:124
	build/src/oplog/Makefile:123
	build/src/ClientPM/Makefile:121
	build/src/dao/Makefile:122
	build/src/init/Makefile:121
	build/src/frame/Makefile:126
	build/src/MigrationPM/Makefile:121
	build/src/state/Makefile:122
	build/src/zip/Makefile:121
	build/lib/Makefile:114
	build/lib/sqlite3/Makefile:121
