This file contains any messages produced by compilers while
running configure, to aid debugging if configure makes a mistake.

It was created by mu configure 2.0, which was
generated by GNU Autoconf 2.63.  Invocation command line was

  $ ./configure 

## --------- ##
## Platform. ##
## --------- ##

hostname = lds-112-MU
uname -m = x86_64
uname -r = 3.0.13-0.27-default
uname -s = Linux
uname -v = #1 SMP Wed Feb 15 13:33:49 UTC 2012 (d73692b)

/usr/bin/uname -p = unknown
/bin/uname -X     = unknown

/bin/arch              = x86_64
/usr/bin/arch -k       = unknown
/usr/convex/getsysinfo = unknown
/usr/bin/hostinfo      = unknown
/bin/machine           = unknown
/usr/bin/oslevel       = unknown
/bin/universe          = unknown

PATH: /sbin
PATH: /usr/sbin
PATH: /usr/local/sbin
PATH: /root/bin
PATH: /usr/local/bin
PATH: /usr/bin
PATH: /bin
PATH: /usr/bin/X11
PATH: /usr/X11R6/bin
PATH: /usr/games
PATH: /usr/lib/mit/bin
PATH: /usr/lib/mit/sbin


## ----------- ##
## Core tests. ##
## ----------- ##

configure:2091: checking for a BSD-compatible install
configure:2159: result: /usr/bin/install -c
configure:2170: checking whether build environment is sane
configure:2213: result: yes
configure:2238: checking for a thread-safe mkdir -p
configure:2277: result: /bin/mkdir -p
configure:2290: checking for gawk
configure:2306: found /usr/bin/gawk
configure:2317: result: gawk
configure:2328: checking whether make sets $(MAKE)
configure:2350: result: yes
configure:2594: checking for g++
configure:2610: found /usr/bin/g++
configure:2621: result: g++
configure:2648: checking for C++ compiler version
configure:2656: g++ --version >&5
g++ (SUSE Linux) 4.3.4 [gcc-4_3-branch revision 152973]
Copyright (C) 2008 Free Software Foundation, Inc.
This is free software; see the source for copying conditions.  There is NO
warranty; not even for MERCHANTABILITY or FITNESS FOR A PARTICULAR PURPOSE.

configure:2660: $? = 0
configure:2667: g++ -v >&5
Using built-in specs.
Target: x86_64-suse-linux
Configured with: ../configure --prefix=/usr --infodir=/usr/share/info --mandir=/usr/share/man --libdir=/usr/lib64 --libexecdir=/usr/lib64 --enable-languages=c,c++,objc,fortran,obj-c++,java,ada --enable-checking=release --with-gxx-include-dir=/usr/include/c++/4.3 --enable-ssp --disable-libssp --with-bugurl=http://bugs.opensuse.org/ --with-pkgversion='SUSE Linux' --disable-libgcj --disable-libmudflap --with-slibdir=/lib64 --with-system-zlib --enable-__cxa_atexit --enable-libstdcxx-allocator=new --disable-libstdcxx-pch --enable-version-specific-runtime-libs --program-suffix=-4.3 --enable-linux-futex --without-system-libunwind --with-cpu=generic --build=x86_64-suse-linux
Thread model: posix
gcc version 4.3.4 [gcc-4_3-branch revision 152973] (SUSE Linux) 
configure:2671: $? = 0
configure:2678: g++ -V >&5
g++: '-V' option must have argument
configure:2682: $? = 1
configure:2705: checking for C++ compiler default output file name
configure:2727: g++    conftest.cpp  >&5
configure:2731: $? = 0
configure:2769: result: a.out
configure:2788: checking whether the C++ compiler works
configure:2798: ./a.out
configure:2802: $? = 0
configure:2821: result: yes
configure:2828: checking whether we are cross compiling
configure:2830: result: no
configure:2833: checking for suffix of executables
configure:2840: g++ -o conftest    conftest.cpp  >&5
configure:2844: $? = 0
configure:2870: result: 
configure:2876: checking for suffix of object files
configure:2902: g++ -c   conftest.cpp >&5
configure:2906: $? = 0
configure:2931: result: o
configure:2935: checking whether we are using the GNU C++ compiler
configure:2964: g++ -c   conftest.cpp >&5
configure:2971: $? = 0
configure:2988: result: yes
configure:2997: checking whether g++ accepts -g
configure:3027: g++ -c -g  conftest.cpp >&5
configure:3034: $? = 0
configure:3135: result: yes
configure:3169: checking for style of include used by make
configure:3197: result: GNU
configure:3222: checking dependency style of g++
configure:3313: result: gcc3
configure:3376: checking for gcc
configure:3392: found /usr/bin/gcc
configure:3403: result: gcc
configure:3635: checking for C compiler version
configure:3643: gcc --version >&5
gcc (SUSE Linux) 4.3.4 [gcc-4_3-branch revision 152973]
Copyright (C) 2008 Free Software Foundation, Inc.
This is free software; see the source for copying conditions.  There is NO
warranty; not even for MERCHANTABILITY or FITNESS FOR A PARTICULAR PURPOSE.

configure:3647: $? = 0
configure:3654: gcc -v >&5
Using built-in specs.
Target: x86_64-suse-linux
Configured with: ../configure --prefix=/usr --infodir=/usr/share/info --mandir=/usr/share/man --libdir=/usr/lib64 --libexecdir=/usr/lib64 --enable-languages=c,c++,objc,fortran,obj-c++,java,ada --enable-checking=release --with-gxx-include-dir=/usr/include/c++/4.3 --enable-ssp --disable-libssp --with-bugurl=http://bugs.opensuse.org/ --with-pkgversion='SUSE Linux' --disable-libgcj --disable-libmudflap --with-slibdir=/lib64 --with-system-zlib --enable-__cxa_atexit --enable-libstdcxx-allocator=new --disable-libstdcxx-pch --enable-version-specific-runtime-libs --program-suffix=-4.3 --enable-linux-futex --without-system-libunwind --with-cpu=generic --build=x86_64-suse-linux
Thread model: posix
gcc version 4.3.4 [gcc-4_3-branch revision 152973] (SUSE Linux) 
configure:3658: $? = 0
configure:3665: gcc -V >&5
gcc: '-V' option must have argument
configure:3669: $? = 1
configure:3672: checking whether we are using the GNU C compiler
configure:3701: gcc -c   conftest.c >&5
configure:3708: $? = 0
configure:3725: result: yes
configure:3734: checking whether gcc accepts -g
configure:3764: gcc -c -g  conftest.c >&5
configure:3771: $? = 0
configure:3872: result: yes
configure:3889: checking for gcc option to accept ISO C89
configure:3963: gcc  -c -g -O2  conftest.c >&5
configure:3970: $? = 0
configure:3993: result: none needed
configure:4013: checking dependency style of gcc
configure:4104: result: gcc3
configure:4151: checking build system type
configure:4169: result: x86_64-suse-linux-gnu
configure:4191: checking host system type
configure:4206: result: x86_64-suse-linux-gnu
configure:4228: checking for a sed that does not truncate output
configure:4294: result: /usr/bin/sed
configure:4312: checking for grep that handles long lines and -e
configure:4372: result: /usr/bin/grep
configure:4377: checking for egrep
configure:4441: result: /usr/bin/grep -E
configure:4446: checking for fgrep
configure:4510: result: /usr/bin/grep -F
configure:4545: checking for ld used by gcc
configure:4612: result: /usr/x86_64-suse-linux/bin/ld
configure:4621: checking if the linker (/usr/x86_64-suse-linux/bin/ld) is GNU ld
configure:4636: result: yes
configure:4648: checking for BSD- or MS-compatible name lister (nm)
configure:4697: result: /usr/bin/nm -B
configure:4815: checking the name lister (/usr/bin/nm -B) interface
configure:4822: gcc -c -g -O2  conftest.c >&5
configure:4825: /usr/bin/nm -B "conftest.o"
configure:4828: output
0000000000000000 B some_variable
configure:4835: result: BSD nm
configure:4838: checking whether ln -s works
configure:4842: result: yes
configure:4850: checking the maximum length of command line arguments
configure:4970: result: 1572864
configure:4987: checking whether the shell understands some XSI constructs
configure:4997: result: yes
configure:5001: checking whether the shell understands "+="
configure:5007: result: yes
configure:5042: checking for /usr/x86_64-suse-linux/bin/ld option to reload object files
configure:5049: result: -r
configure:5118: checking for objdump
configure:5134: found /usr/bin/objdump
configure:5145: result: objdump
configure:5177: checking how to recognize dependent libraries
configure:5373: result: pass_all
configure:5433: checking for ar
configure:5449: found /usr/bin/ar
configure:5460: result: ar
configure:5538: checking for strip
configure:5554: found /usr/bin/strip
configure:5565: result: strip
configure:5637: checking for ranlib
configure:5653: found /usr/bin/ranlib
configure:5664: result: ranlib
configure:5754: checking command to parse /usr/bin/nm -B output from gcc object
configure:5872: gcc -c -g -O2  conftest.c >&5
configure:5875: $? = 0
configure:5879: /usr/bin/nm -B conftest.o \| sed -n -e 's/^.*[	 ]\([ABCDGIRSTW][ABCDGIRSTW]*\)[	 ][	 ]*\([_A-Za-z][_A-Za-z0-9]*\)$/\1 \2 \2/p' \> conftest.nm
configure:5882: $? = 0
configure:5936: gcc -o conftest -g -O2   conftest.c conftstm.o >&5
configure:5939: $? = 0
configure:5977: result: ok
configure:6073: gcc -c -g -O2  conftest.c >&5
configure:6076: $? = 0
configure:6844: checking how to run the C preprocessor
configure:6884: gcc -E  conftest.c
configure:6891: $? = 0
configure:6922: gcc -E  conftest.c
conftest.c:10:28: error: ac_nonexistent.h: No such file or directory
configure:6929: $? = 1
configure: failed program was:
| /* confdefs.h.  */
| #define PACKAGE_NAME "mu"
| #define PACKAGE_TARNAME "mu"
| #define PACKAGE_VERSION "2.0"
| #define PACKAGE_STRING "mu 2.0"
| #define PACKAGE_BUGREPORT "shiwei2012@gmail.com"
| #define PACKAGE "mu"
| #define VERSION "2.0"
| /* end confdefs.h.  */
| #include <ac_nonexistent.h>
configure:6962: result: gcc -E
configure:6991: gcc -E  conftest.c
configure:6998: $? = 0
configure:7029: gcc -E  conftest.c
conftest.c:10:28: error: ac_nonexistent.h: No such file or directory
configure:7036: $? = 1
configure: failed program was:
| /* confdefs.h.  */
| #define PACKAGE_NAME "mu"
| #define PACKAGE_TARNAME "mu"
| #define PACKAGE_VERSION "2.0"
| #define PACKAGE_STRING "mu 2.0"
| #define PACKAGE_BUGREPORT "shiwei2012@gmail.com"
| #define PACKAGE "mu"
| #define VERSION "2.0"
| /* end confdefs.h.  */
| #include <ac_nonexistent.h>
configure:7076: checking for ANSI C header files
configure:7106: gcc -c -g -O2  conftest.c >&5
configure:7113: $? = 0
configure:7212: gcc -o conftest -g -O2   conftest.c  >&5
configure:7216: $? = 0
configure:7222: ./conftest
configure:7226: $? = 0
configure:7244: result: yes
configure:7268: checking for sys/types.h
configure:7289: gcc -c -g -O2  conftest.c >&5
configure:7296: $? = 0
configure:7313: result: yes
configure:7268: checking for sys/stat.h
configure:7289: gcc -c -g -O2  conftest.c >&5
configure:7296: $? = 0
configure:7313: result: yes
configure:7268: checking for stdlib.h
configure:7289: gcc -c -g -O2  conftest.c >&5
configure:7296: $? = 0
configure:7313: result: yes
configure:7268: checking for string.h
configure:7289: gcc -c -g -O2  conftest.c >&5
configure:7296: $? = 0
configure:7313: result: yes
configure:7268: checking for memory.h
configure:7289: gcc -c -g -O2  conftest.c >&5
configure:7296: $? = 0
configure:7313: result: yes
configure:7268: checking for strings.h
configure:7289: gcc -c -g -O2  conftest.c >&5
configure:7296: $? = 0
configure:7313: result: yes
configure:7268: checking for inttypes.h
configure:7289: gcc -c -g -O2  conftest.c >&5
configure:7296: $? = 0
configure:7313: result: yes
configure:7268: checking for stdint.h
configure:7289: gcc -c -g -O2  conftest.c >&5
configure:7296: $? = 0
configure:7313: result: yes
configure:7268: checking for unistd.h
configure:7289: gcc -c -g -O2  conftest.c >&5
configure:7296: $? = 0
configure:7313: result: yes
configure:7331: checking for dlfcn.h
configure:7352: gcc -c -g -O2  conftest.c >&5
configure:7359: $? = 0
configure:7376: result: yes
configure:7503: checking for C++ compiler version
configure:7511: g++ --version >&5
g++ (SUSE Linux) 4.3.4 [gcc-4_3-branch revision 152973]
Copyright (C) 2008 Free Software Foundation, Inc.
This is free software; see the source for copying conditions.  There is NO
warranty; not even for MERCHANTABILITY or FITNESS FOR A PARTICULAR PURPOSE.

configure:7515: $? = 0
configure:7522: g++ -v >&5
Using built-in specs.
Target: x86_64-suse-linux
Configured with: ../configure --prefix=/usr --infodir=/usr/share/info --mandir=/usr/share/man --libdir=/usr/lib64 --libexecdir=/usr/lib64 --enable-languages=c,c++,objc,fortran,obj-c++,java,ada --enable-checking=release --with-gxx-include-dir=/usr/include/c++/4.3 --enable-ssp --disable-libssp --with-bugurl=http://bugs.opensuse.org/ --with-pkgversion='SUSE Linux' --disable-libgcj --disable-libmudflap --with-slibdir=/lib64 --with-system-zlib --enable-__cxa_atexit --enable-libstdcxx-allocator=new --disable-libstdcxx-pch --enable-version-specific-runtime-libs --program-suffix=-4.3 --enable-linux-futex --without-system-libunwind --with-cpu=generic --build=x86_64-suse-linux
Thread model: posix
gcc version 4.3.4 [gcc-4_3-branch revision 152973] (SUSE Linux) 
configure:7526: $? = 0
configure:7533: g++ -V >&5
g++: '-V' option must have argument
configure:7537: $? = 1
configure:7540: checking whether we are using the GNU C++ compiler
configure:7593: result: yes
configure:7602: checking whether g++ accepts -g
configure:7740: result: yes
configure:7765: checking dependency style of g++
configure:7856: result: gcc3
configure:7879: checking how to run the C++ preprocessor
configure:7915: g++ -E  conftest.cpp
configure:7922: $? = 0
configure:7953: g++ -E  conftest.cpp
conftest.cpp:21:28: error: ac_nonexistent.h: No such file or directory
configure:7960: $? = 1
configure: failed program was:
| /* confdefs.h.  */
| #define PACKAGE_NAME "mu"
| #define PACKAGE_TARNAME "mu"
| #define PACKAGE_VERSION "2.0"
| #define PACKAGE_STRING "mu 2.0"
| #define PACKAGE_BUGREPORT "shiwei2012@gmail.com"
| #define PACKAGE "mu"
| #define VERSION "2.0"
| #define STDC_HEADERS 1
| #define HAVE_SYS_TYPES_H 1
| #define HAVE_SYS_STAT_H 1
| #define HAVE_STDLIB_H 1
| #define HAVE_STRING_H 1
| #define HAVE_MEMORY_H 1
| #define HAVE_STRINGS_H 1
| #define HAVE_INTTYPES_H 1
| #define HAVE_STDINT_H 1
| #define HAVE_UNISTD_H 1
| #define HAVE_DLFCN_H 1
| /* end confdefs.h.  */
| #include <ac_nonexistent.h>
configure:7993: result: g++ -E
configure:8022: g++ -E  conftest.cpp
configure:8029: $? = 0
configure:8060: g++ -E  conftest.cpp
conftest.cpp:21:28: error: ac_nonexistent.h: No such file or directory
configure:8067: $? = 1
configure: failed program was:
| /* confdefs.h.  */
| #define PACKAGE_NAME "mu"
| #define PACKAGE_TARNAME "mu"
| #define PACKAGE_VERSION "2.0"
| #define PACKAGE_STRING "mu 2.0"
| #define PACKAGE_BUGREPORT "shiwei2012@gmail.com"
| #define PACKAGE "mu"
| #define VERSION "2.0"
| #define STDC_HEADERS 1
| #define HAVE_SYS_TYPES_H 1
| #define HAVE_SYS_STAT_H 1
| #define HAVE_STDLIB_H 1
| #define HAVE_STRING_H 1
| #define HAVE_MEMORY_H 1
| #define HAVE_STRINGS_H 1
| #define HAVE_INTTYPES_H 1
| #define HAVE_STDINT_H 1
| #define HAVE_UNISTD_H 1
| #define HAVE_DLFCN_H 1
| /* end confdefs.h.  */
| #include <ac_nonexistent.h>
configure:8281: checking for objdir
configure:8296: result: .libs
configure:8588: checking if gcc supports -fno-rtti -fno-exceptions
configure:8606: gcc -c -g -O2  -fno-rtti -fno-exceptions conftest.c >&5
cc1: warning: command line option "-fno-rtti" is valid for C++/ObjC++ but not for C
configure:8610: $? = 0
configure:8623: result: no
configure:8643: checking for gcc option to produce PIC
configure:8915: result: -fPIC -DPIC
configure:8927: checking if gcc PIC flag -fPIC -DPIC works
configure:8945: gcc -c -g -O2  -fPIC -DPIC -DPIC conftest.c >&5
configure:8949: $? = 0
configure:8962: result: yes
configure:8986: checking if gcc static flag -static works
configure:9014: result: yes
configure:9029: checking if gcc supports -c -o file.o
configure:9050: gcc -c -g -O2  -o out/conftest2.o conftest.c >&5
configure:9054: $? = 0
configure:9076: result: yes
configure:9084: checking if gcc supports -c -o file.o
configure:9131: result: yes
configure:9164: checking whether the gcc linker (/usr/x86_64-suse-linux/bin/ld -m elf_x86_64) supports shared libraries
configure:10238: result: yes
configure:10275: checking whether -lc should be explicitly linked in
configure:10280: gcc -c -g -O2  conftest.c >&5
configure:10283: $? = 0
configure:10298: gcc -shared conftest.o  -v -Wl,-soname -Wl,conftest -o conftest 2\>\&1 \| /usr/bin/grep  -lc  \>/dev/null 2\>\&1
configure:10301: $? = 0
configure:10313: result: no
configure:10477: checking dynamic linker characteristics
configure:10920: gcc -o conftest -g -O2   -Wl,-rpath -Wl,/foo conftest.c  >&5
configure:10927: $? = 0
configure:11160: result: GNU/Linux ld.so
configure:11262: checking how to hardcode library paths into programs
configure:11287: result: immediate
configure:12120: checking whether stripping libraries is possible
configure:12125: result: yes
configure:12160: checking if libtool supports shared libraries
configure:12162: result: yes
configure:12165: checking whether to build shared libraries
configure:12186: result: yes
configure:12189: checking whether to build static libraries
configure:12193: result: yes

## ---------------- ##
## Cache variables. ##
## ---------------- ##

ac_cv_build=x86_64-suse-linux-gnu
ac_cv_c_compiler_gnu=yes
ac_cv_cxx_compiler_gnu=yes
ac_cv_env_CCC_set=
ac_cv_env_CCC_value=
ac_cv_env_CC_set=
ac_cv_env_CC_value=
ac_cv_env_CFLAGS_set=
ac_cv_env_CFLAGS_value=
ac_cv_env_CPPFLAGS_set=
ac_cv_env_CPPFLAGS_value=
ac_cv_env_CPP_set=
ac_cv_env_CPP_value=
ac_cv_env_CXXCPP_set=
ac_cv_env_CXXCPP_value=
ac_cv_env_CXXFLAGS_set=
ac_cv_env_CXXFLAGS_value=
ac_cv_env_CXX_set=
ac_cv_env_CXX_value=
ac_cv_env_LDFLAGS_set=
ac_cv_env_LDFLAGS_value=
ac_cv_env_LIBS_set=
ac_cv_env_LIBS_value=
ac_cv_env_build_alias_set=
ac_cv_env_build_alias_value=
ac_cv_env_host_alias_set=
ac_cv_env_host_alias_value=
ac_cv_env_target_alias_set=
ac_cv_env_target_alias_value=
ac_cv_header_dlfcn_h=yes
ac_cv_header_inttypes_h=yes
ac_cv_header_memory_h=yes
ac_cv_header_stdc=yes
ac_cv_header_stdint_h=yes
ac_cv_header_stdlib_h=yes
ac_cv_header_string_h=yes
ac_cv_header_strings_h=yes
ac_cv_header_sys_stat_h=yes
ac_cv_header_sys_types_h=yes
ac_cv_header_unistd_h=yes
ac_cv_host=x86_64-suse-linux-gnu
ac_cv_objext=o
ac_cv_path_EGREP='/usr/bin/grep -E'
ac_cv_path_FGREP='/usr/bin/grep -F'
ac_cv_path_GREP=/usr/bin/grep
ac_cv_path_SED=/usr/bin/sed
ac_cv_path_install='/usr/bin/install -c'
ac_cv_path_mkdir=/bin/mkdir
ac_cv_prog_AWK=gawk
ac_cv_prog_CPP='gcc -E'
ac_cv_prog_CXXCPP='g++ -E'
ac_cv_prog_ac_ct_AR=ar
ac_cv_prog_ac_ct_CC=gcc
ac_cv_prog_ac_ct_CXX=g++
ac_cv_prog_ac_ct_OBJDUMP=objdump
ac_cv_prog_ac_ct_RANLIB=ranlib
ac_cv_prog_ac_ct_STRIP=strip
ac_cv_prog_cc_c89=
ac_cv_prog_cc_g=yes
ac_cv_prog_cxx_g=yes
ac_cv_prog_make_make_set=yes
am_cv_CC_dependencies_compiler_type=gcc3
am_cv_CXX_dependencies_compiler_type=gcc3
lt_cv_deplibs_check_method=pass_all
lt_cv_file_magic_cmd='$MAGIC_CMD'
lt_cv_file_magic_test_file=
lt_cv_ld_reload_flag=-r
lt_cv_nm_interface='BSD nm'
lt_cv_objdir=.libs
lt_cv_path_LD=/usr/x86_64-suse-linux/bin/ld
lt_cv_path_NM='/usr/bin/nm -B'
lt_cv_prog_compiler_c_o=yes
lt_cv_prog_compiler_pic_works=yes
lt_cv_prog_compiler_rtti_exceptions=no
lt_cv_prog_compiler_static_works=yes
lt_cv_prog_gnu_ld=yes
lt_cv_sys_global_symbol_pipe='sed -n -e '\''s/^.*[	 ]\([ABCDGIRSTW][ABCDGIRSTW]*\)[	 ][	 ]*\([_A-Za-z][_A-Za-z0-9]*\)$/\1 \2 \2/p'\'''
lt_cv_sys_global_symbol_to_c_name_address='sed -n -e '\''s/^: \([^ ]*\) $/  {\"\1\", (void *) 0},/p'\'' -e '\''s/^[ABCDGIRSTW]* \([^ ]*\) \([^ ]*\)$/  {"\2", (void *) \&\2},/p'\'''
lt_cv_sys_global_symbol_to_c_name_address_lib_prefix='sed -n -e '\''s/^: \([^ ]*\) $/  {\"\1\", (void *) 0},/p'\'' -e '\''s/^[ABCDGIRSTW]* \([^ ]*\) \(lib[^ ]*\)$/  {"\2", (void *) \&\2},/p'\'' -e '\''s/^[ABCDGIRSTW]* \([^ ]*\) \([^ ]*\)$/  {"lib\2", (void *) \&\2},/p'\'''
lt_cv_sys_global_symbol_to_cdecl='sed -n -e '\''s/^T .* \(.*\)$/extern int \1();/p'\'' -e '\''s/^[ABCDGIRSTW]* .* \(.*\)$/extern char \1;/p'\'''
lt_cv_sys_max_cmd_len=1572864

## ----------------- ##
## Output variables. ##
## ----------------- ##

ACLOCAL='${SHELL} /home/newCStore/MU/missing --run aclocal-1.10'
AMDEPBACKSLASH='\'
AMDEP_FALSE='#'
AMDEP_TRUE=''
AMTAR='${SHELL} /home/newCStore/MU/missing --run tar'
AR='ar'
AUTOCONF='${SHELL} /home/newCStore/MU/missing --run autoconf'
AUTOHEADER='${SHELL} /home/newCStore/MU/missing --run autoheader'
AUTOMAKE='${SHELL} /home/newCStore/MU/missing --run automake-1.10'
AWK='gawk'
CC='gcc'
CCDEPMODE='depmode=gcc3'
CFLAGS='-g -O2'
CPP='gcc -E'
CPPFLAGS=''
CXX='g++'
CXXCPP='g++ -E'
CXXDEPMODE='depmode=gcc3'
CXXFLAGS='-g -O2'
CYGPATH_W='echo'
DEFS=''
DEPDIR='.deps'
DSYMUTIL=''
DUMPBIN=''
ECHO_C=''
ECHO_N='-n'
ECHO_T=''
EGREP='/usr/bin/grep -E'
EXEEXT=''
FGREP='/usr/bin/grep -F'
GREP='/usr/bin/grep'
INSTALL_DATA='${INSTALL} -m 644'
INSTALL_PROGRAM='${INSTALL}'
INSTALL_SCRIPT='${INSTALL}'
INSTALL_STRIP_PROGRAM='$(install_sh) -c -s'
LD='/usr/x86_64-suse-linux/bin/ld -m elf_x86_64'
LDFLAGS=''
LIBOBJS=''
LIBS=''
LIBTOOL='$(SHELL) $(top_builddir)/libtool'
LIPO=''
LN_S='ln -s'
LTLIBOBJS=''
MAKEINFO='${SHELL} /home/newCStore/MU/missing --run makeinfo'
MKDIR_P='/bin/mkdir -p'
NM='/usr/bin/nm -B'
NMEDIT=''
OBJDUMP='objdump'
OBJEXT='o'
OTOOL64=''
OTOOL=''
PACKAGE='mu'
PACKAGE_BUGREPORT='shiwei2012@gmail.com'
PACKAGE_NAME='mu'
PACKAGE_STRING='mu 2.0'
PACKAGE_TARNAME='mu'
PACKAGE_VERSION='2.0'
PATH_SEPARATOR=':'
RANLIB='ranlib'
SED='/usr/bin/sed'
SET_MAKE=''
SHELL='/bin/sh'
STRIP='strip'
VERSION='2.0'
ac_ct_CC='gcc'
ac_ct_CXX='g++'
ac_ct_DUMPBIN=''
am__fastdepCC_FALSE='#'
am__fastdepCC_TRUE=''
am__fastdepCXX_FALSE='#'
am__fastdepCXX_TRUE=''
am__include='include'
am__isrc=''
am__leading_dot='.'
am__quote=''
am__tar='${AMTAR} chof - "$$tardir"'
am__untar='${AMTAR} xf -'
bindir='${exec_prefix}/bin'
build='x86_64-suse-linux-gnu'
build_alias=''
build_cpu='x86_64'
build_os='linux-gnu'
build_vendor='suse'
datadir='${datarootdir}'
datarootdir='${prefix}/share'
docdir='${datarootdir}/doc/${PACKAGE_TARNAME}'
dvidir='${docdir}'
exec_prefix='NONE'
host='x86_64-suse-linux-gnu'
host_alias=''
host_cpu='x86_64'
host_os='linux-gnu'
host_vendor='suse'
htmldir='${docdir}'
includedir='${prefix}/include'
infodir='${datarootdir}/info'
install_sh='$(SHELL) /home/newCStore/MU/install-sh'
libdir='${exec_prefix}/lib'
libexecdir='${exec_prefix}/libexec'
localedir='${datarootdir}/locale'
localstatedir='${prefix}/var'
lt_ECHO='echo'
mandir='${datarootdir}/man'
mkdir_p='/bin/mkdir -p'
oldincludedir='/usr/include'
pdfdir='${docdir}'
prefix='NONE'
program_transform_name='s,x,x,'
psdir='${docdir}'
sbindir='${exec_prefix}/sbin'
sharedstatedir='${prefix}/com'
sysconfdir='${prefix}/etc'
target_alias=''

## ----------- ##
## confdefs.h. ##
## ----------- ##

#define PACKAGE_NAME "mu"
#define PACKAGE_TARNAME "mu"
#define PACKAGE_VERSION "2.0"
#define PACKAGE_STRING "mu 2.0"
#define PACKAGE_BUGREPORT "shiwei2012@gmail.com"
#define PACKAGE "mu"
#define VERSION "2.0"
#define STDC_HEADERS 1
#define HAVE_SYS_TYPES_H 1
#define HAVE_SYS_STAT_H 1
#define HAVE_STDLIB_H 1
#define HAVE_STRING_H 1
#define HAVE_MEMORY_H 1
#define HAVE_STRINGS_H 1
#define HAVE_INTTYPES_H 1
#define HAVE_STDINT_H 1
#define HAVE_UNISTD_H 1
#define HAVE_DLFCN_H 1
#define LT_OBJDIR ".libs/"

configure: caught signal 2
configure: exit 1
